Unable to find image 'nvcr.io/nvidia/pytorch:23.10-py3' locally
23.10-py3: Pulling from nvidia/pytorch
c391327a0f1d: Pulling fs layer
f074145f5a29: Pulling fs layer
864de3c6dec3: Pulling fs layer
6098e3e7d96f: Pulling fs layer
0a6fb9455297: Pulling fs layer
89d18d5bbdca: Pulling fs layer
f7e1ffe62a8d: Pulling fs layer
72c04c6ca982: Pulling fs layer
aef1eef57a90: Pulling fs layer
60878274e08a: Pulling fs layer
fb92f162a715: Pulling fs layer
54f4d1c5e3a9: Pulling fs layer
a2e860159229: Pulling fs layer
e0e16a873394: Pulling fs layer
83e9424b667b: Pulling fs layer
6098e3e7d96f: Waiting
0a6fb9455297: Waiting
8aade5b752d8: Pulling fs layer
4f4fb700ef54: Pulling fs layer
c213836083c6: Pulling fs layer
370b9d757df4: Pulling fs layer
2288c0635ead: Pulling fs layer
c04794cbcac8: Pulling fs layer
ed9ed05fc98a: Pulling fs layer
4efd07d8985f: Pulling fs layer
750188eaff00: Pulling fs layer
2d6024a04c8a: Pulling fs layer
6966553fdfb2: Pulling fs layer
1ad80f3a9017: Pulling fs layer
8aaf42d3475b: Pulling fs layer
26674d9071c1: Pulling fs layer
9f8c8ce9ba07: Pulling fs layer
9edbd76b401e: Pulling fs layer
2b8d1f352b75: Pulling fs layer
89d18d5bbdca: Waiting
af100f626db3: Pulling fs layer
63504623ca58: Pulling fs layer
f7e1ffe62a8d: Waiting
d8293669b7b5: Pulling fs layer
72c04c6ca982: Waiting
82b0b8f84f91: Pulling fs layer
aef1eef57a90: Waiting
60878274e08a: Waiting
fb92f162a715: Waiting
54f4d1c5e3a9: Waiting
2288c0635ead: Waiting
a2e860159229: Waiting
90c3fba5d718: Pulling fs layer
ab7341b1c1b8: Pulling fs layer
e0e16a873394: Waiting
c04794cbcac8: Waiting
6d554f02e57f: Pulling fs layer
83e9424b667b: Waiting
45252a50d338: Pulling fs layer
8aade5b752d8: Waiting
9f107ff89e4b: Pulling fs layer
9538d0aee052: Pulling fs layer
1943ce3cc699: Pulling fs layer
4f4fb700ef54: Waiting
bc8899538d81: Pulling fs layer
bb19c79812a5: Pulling fs layer
ed9ed05fc98a: Waiting
8aaf42d3475b: Waiting
26674d9071c1: Waiting
4efd07d8985f: Waiting
9f8c8ce9ba07: Waiting
7c8fd4bc89df: Pulling fs layer
9edbd76b401e: Waiting
a8080de632ca: Pulling fs layer
2b8d1f352b75: Waiting
af100f626db3: Waiting
750188eaff00: Waiting
096da166f678: Pulling fs layer
2146ea2b9680: Pulling fs layer
82b0b8f84f91: Waiting
c213836083c6: Waiting
370b9d757df4: Waiting
2d6024a04c8a: Waiting
1ad80f3a9017: Waiting
90c3fba5d718: Waiting
ab7341b1c1b8: Waiting
6d554f02e57f: Waiting
096da166f678: Waiting
45252a50d338: Waiting
bb19c79812a5: Waiting
2146ea2b9680: Waiting
7c8fd4bc89df: Waiting
a8080de632ca: Waiting
9538d0aee052: Waiting
1943ce3cc699: Waiting
bc8899538d81: Waiting
d8293669b7b5: Waiting
6966553fdfb2: Waiting
63504623ca58: Waiting
9f107ff89e4b: Waiting
c391327a0f1d: Download complete
6098e3e7d96f: Verifying Checksum
6098e3e7d96f: Download complete
c391327a0f1d: Pull complete
864de3c6dec3: Verifying Checksum
864de3c6dec3: Download complete
f074145f5a29: Verifying Checksum
f074145f5a29: Download complete
89d18d5bbdca: Verifying Checksum
89d18d5bbdca: Download complete
f7e1ffe62a8d: Verifying Checksum
f7e1ffe62a8d: Download complete
72c04c6ca982: Verifying Checksum
72c04c6ca982: Download complete
aef1eef57a90: Verifying Checksum
aef1eef57a90: Download complete
60878274e08a: Verifying Checksum
60878274e08a: Download complete
54f4d1c5e3a9: Download complete
fb92f162a715: Verifying Checksum
fb92f162a715: Download complete
e0e16a873394: Verifying Checksum
e0e16a873394: Download complete
f074145f5a29: Pull complete
83e9424b667b: Verifying Checksum
83e9424b667b: Download complete
8aade5b752d8: Verifying Checksum
8aade5b752d8: Download complete
4f4fb700ef54: Verifying Checksum
4f4fb700ef54: Download complete
c213836083c6: Verifying Checksum
c213836083c6: Download complete
370b9d757df4: Verifying Checksum
370b9d757df4: Download complete
864de3c6dec3: Pull complete
6098e3e7d96f: Pull complete
a2e860159229: Verifying Checksum
a2e860159229: Download complete
2288c0635ead: Verifying Checksum
2288c0635ead: Download complete
ed9ed05fc98a: Verifying Checksum
ed9ed05fc98a: Download complete
4efd07d8985f: Verifying Checksum
4efd07d8985f: Download complete
750188eaff00: Verifying Checksum
2d6024a04c8a: Download complete
c04794cbcac8: Verifying Checksum
c04794cbcac8: Download complete
6966553fdfb2: Verifying Checksum
6966553fdfb2: Download complete
1ad80f3a9017: Verifying Checksum
1ad80f3a9017: Download complete
26674d9071c1: Verifying Checksum
26674d9071c1: Download complete
